<?xml version="1.0" encoding="UTF-8"?><testsuite failures="0" name="cucumber.runtime.formatter.JUnitFormatter" skipped="0" tests="1" time="7.085636">
<testcase classname="Free CRM create Using Data Table fetch" name="Free crm create Data Table fetch" time="7.085636">
<system-out><![CDATA[Given user is already on login page partFive................................passed
When check title of the page is free crm partFive...........................passed
Then enter username and password partFive...................................passed
Then click on the login button partFive.....................................passed
]]></system-out>
</testcase>
</testsuite>
